[00:35:56] [main/INFO]: Extra: [--tweakClass, net.gopine.mixins.GopineTweaker]
[00:35:56] [main/INFO]: Running with arguments: [--userProperties, {}, --assetsDir, C:/Users/Matth/.gradle/caches/minecraft/assets, --assetIndex, 1.8, --accessToken{REDACTED}, --version, 1.8.9, --tweakClass, net.gopine.mixins.GopineTweaker]
[00:35:56] [main/INFO]: Loading tweak class name net.gopine.mixins.GopineTweaker
[00:35:56] [main/INFO]: Using primary tweak class name net.gopine.mixins.GopineTweaker
[00:35:56] [main/INFO]: Calling tweak class net.gopine.mixins.GopineTweaker
[00:35:57] [main/INFO]: SpongePowered MIXIN Subsystem Version=0.7.11 Source=file:/C:/Users/Matth/.gradle/caches/modules-2/files-2.1/org.spongepowered/mixin/0.7.11-SNAPSHOT/7a670207bdb97db418118ad1e9bb42424ff3776d/mixin-0.7.11-SNAPSHOT.jar Service=LaunchWrapper Env=UNKNOWN
[00:35:58] [main/INFO]: FML platform manager could not load class cpw.mods.fml.relauncher.CoreModManager. Proceeding without FML support.
[00:35:59] [main/INFO]: Compatibility level set to JAVA_8
[00:35:59] [main/ERROR]: Mixin config mixins.gopine.json does not specify "minVersion" property
[00:35:59] [main/INFO]: Loading tweak class name org.spongepowered.asm.mixin.EnvironmentStateTweaker
[00:35:59] [main/INFO]: Calling tweak class org.spongepowered.asm.mixin.EnvironmentStateTweaker
[00:35:59] [main/WARN]: Reference map 'mixins.apollo.json' for mixins.gopine.json could not be read. If this is a development environment you can ignore this message
[00:35:59] [main/ERROR]: Classloader restrictions [PACKAGE_CLASSLOADER_EXCLUSION] encountered loading mixins.gopine.json:client.MinecraftMixin, name: net.gopine.mixins.client.MinecraftMixin
[00:36:00] [main/ERROR]: Classloader restrictions [PACKAGE_CLASSLOADER_EXCLUSION] encountered loading mixins.gopine.json:networking.NetHandlerPlayClientMixin, name: net.gopine.mixins.networking.NetHandlerPlayClientMixin
[00:36:00] [main/ERROR]: Classloader restrictions [PACKAGE_CLASSLOADER_EXCLUSION] encountered loading mixins.gopine.json:entity.EntityPlayerMixin, name: net.gopine.mixins.entity.EntityPlayerMixin
[00:36:00] [main/ERROR]: Classloader restrictions [PACKAGE_CLASSLOADER_EXCLUSION] encountered loading mixins.gopine.json:gui.GuiMainMenuMixin, name: net.gopine.mixins.gui.GuiMainMenuMixin
[00:36:01] [main/INFO]: Launching wrapped minecraft {net.minecraft.client.main.Main}
[00:36:01] [main/INFO]: Mixing client.MinecraftMixin from mixins.gopine.json into net.minecraft.client.Minecraft
[00:36:02] [main/INFO]: Mixing gui.GuiMainMenuMixin from mixins.gopine.json into net.minecraft.client.gui.GuiMainMenu
[00:36:03] [main/INFO]: Mixing entity.EntityPlayerMixin from mixins.gopine.json into net.minecraft.entity.player.EntityPlayer
[00:36:11] [Client thread/ERROR]: Can't find the resource index file: .\assets\indexes\1.8.json
[00:36:11] [Client thread/INFO]: Setting user: Player671
[00:36:11] [Client thread/INFO]: (Session ID is token:FML:Player671)
[00:36:24] [Client thread/INFO]: LWJGL Version: 2.9.4
[00:36:28] [Client thread/INFO]: Reloading ResourceManager: Default
[00:36:30] [Sound Library Loader/INFO]: Starting up SoundSystem...
[00:36:30] [Thread-8/INFO]: Initializing LWJGL OpenAL
[00:36:30] [Thread-8/INFO]: (The LWJGL binding of OpenAL.  For more information, see http://www.lwjgl.org)
[00:36:34] [Thread-8/INFO]: OpenAL initialized.
[00:36:34] [Sound Library Loader/INFO]: Sound engine started
[00:36:40] [Client thread/INFO]: Created: 512x512 textures-atlas
[00:36:48] [Client thread/FATAL]: Reported exception thrown!
net.minecraft.util.ReportedException: Rendering screen
	at net.minecraft.client.renderer.EntityRenderer.updateCameraAndRender(EntityRenderer.java:1183) ~[EntityRenderer.class:?]
	at net.minecraft.client.Minecraft.runGameLoop(Minecraft.java:1087) ~[Minecraft.class:?]
	at net.minecraft.client.Minecraft.run(Minecraft.java:378) [Minecraft.class:?]
	at net.minecraft.client.main.Main.main(Main.java:113) [Main.class:?]
	at sun.reflect.NativeMethodAccessorImpl.invoke0(Native Method) ~[?:1.8.0_252]
	at sun.reflect.NativeMethodAccessorImpl.invoke(NativeMethodAccessorImpl.java:62) ~[?:1.8.0_252]
	at sun.reflect.DelegatingMethodAccessorImpl.invoke(DelegatingMethodAccessorImpl.java:43) ~[?:1.8.0_252]
	at java.lang.reflect.Method.invoke(Method.java:498) ~[?:1.8.0_252]
	at net.minecraft.launchwrapper.Launch.launch(Launch.java:135) [launchwrapper-1.11.jar:?]
	at net.minecraft.launchwrapper.Launch.main(Launch.java:28) [launchwrapper-1.11.jar:?]
	at sun.reflect.NativeMethodAccessorImpl.invoke0(Native Method) ~[?:1.8.0_252]
	at sun.reflect.NativeMethodAccessorImpl.invoke(NativeMethodAccessorImpl.java:62) ~[?:1.8.0_252]
	at sun.reflect.DelegatingMethodAccessorImpl.invoke(DelegatingMethodAccessorImpl.java:43) ~[?:1.8.0_252]
	at java.lang.reflect.Method.invoke(Method.java:498) ~[?:1.8.0_252]
	at net.minecraftforge.gradle.GradleStartCommon.launch(GradleStartCommon.java:97) [start/:?]
	at GradleStart.main(GradleStart.java:26) [start/:?]
Caused by: java.lang.NullPointerException
	at net.minecraft.client.gui.GuiMainMenu.drawScreen(GuiMainMenu.java:775) ~[GuiMainMenu.class:?]
	at net.minecraft.client.renderer.EntityRenderer.updateCameraAndRender(EntityRenderer.java:1156) ~[EntityRenderer.class:?]
	... 15 more
